android/app/build/intermediates/manifest_merge_blame_file/debug/manifest-merger-blame-debug-report.txt
1<?xml version="1.0" encoding="utf-8"?>
2<manifest xmlns:android="http://schemas.android.com/apk/res/android"
3    package="com.garabmaster"
4    android:versionCode="1"
5    android:versionName="1.0" >
6
7    <uses-sdk
8        android:minSdkVersion="21"
9        android:targetSdkVersion="29" />
10
11    <uses-permission android:name="android.permission.SYSTEM_ALERT_WINDOW" />
11-->src/debug/AndroidManifest.xml:5:5-77
11-->src/debug/AndroidManifest.xml:5:22-75
12    <uses-permission android:name="android.permission.INTERNET" />
12-->src/main/AndroidManifest.xml:4:5-67
12-->src/main/AndroidManifest.xml:4:22-64
13    <uses-permission android:name="android.permission.CAMERA" />
13-->src/main/AndroidManifest.xml:5:5-64
13-->src/main/AndroidManifest.xml:5:22-62
14
15    <uses-feature
15-->src/main/AndroidManifest.xml:7:5-85
16        android:name="android.hardware.camera"
16-->src/main/AndroidManifest.xml:7:19-57
17        android:required="false" />
17-->src/main/AndroidManifest.xml:7:58-82
18    <uses-feature
18-->src/main/AndroidManifest.xml:8:1-87
19        android:name="android.hardware.camera.front"
19-->src/main/AndroidManifest.xml:8:15-59
20        android:required="false" />
20-->src/main/AndroidManifest.xml:8:60-84
21
22    <uses-permission android:name="android.permission.ACCESS_WIFI_STATE" />
22-->[com.facebook.flipper:flipper:0.75.1] AndroidManifest.xml:16:5-76
22-->[com.facebook.flipper:flipper:0.75.1] AndroidManifest.xml:16:22-73
23    <uses-permission android:name="android.permission.ACCESS_COARSE_LOCATION" />
23-->[:react-native-maps] AndroidManifest.xml:10:5-81
23-->[:react-native-maps] AndroidManifest.xml:10:22-78
24
25    <uses-feature
25-->[:react-native-camera] AndroidManifest.xml:14:5-16:36
26        android:name="android.hardware.camera.autofocus"
26-->[:react-native-camera] AndroidManifest.xml:15:9-57
27        android:required="false" />
27-->[:react-native-camera] AndroidManifest.xml:16:9-33
28
29    <queries>
29-->[:react-native-image-crop-picker] AndroidManifest.xml:10:5-14:15
30        <intent>
30-->[:react-native-image-crop-picker] AndroidManifest.xml:11:9-13:18
31            <action android:name="android.media.action.IMAGE_CAPTURE" />
31-->[:react-native-image-crop-picker] AndroidManifest.xml:12:13-73
31-->[:react-native-image-crop-picker] AndroidManifest.xml:12:21-70
32        </intent>
33    </queries>
34
35    <uses-permission android:name="android.permission.WRITE_EXTERNAL_STORAGE" /> <!-- Include required permissions for Google Maps API to run. -->
35-->[:react-native-image-crop-picker] AndroidManifest.xml:16:5-81
35-->[:react-native-image-crop-picker] AndroidManifest.xml:16:22-78
36    <uses-permission android:name="android.permission.ACCESS_NETWORK_STATE" />
36-->[com.google.android.gms:play-services-maps:17.0.0] AndroidManifest.xml:23:5-79
36-->[com.google.android.gms:play-services-maps:17.0.0] AndroidManifest.xml:23:22-76
37
38    <uses-feature
38-->[com.google.android.gms:play-services-maps:17.0.0] AndroidManifest.xml:26:5-28:35
39        android:glEsVersion="0x00020000"
39-->[com.google.android.gms:play-services-maps:17.0.0] AndroidManifest.xml:27:9-41
40        android:required="true" />
40-->[com.google.android.gms:play-services-maps:17.0.0] AndroidManifest.xml:28:9-32
41
42    <application
42-->src/main/AndroidManifest.xml:10:5-33:19
43        android:name="com.garabmaster.MainApplication"
43-->src/main/AndroidManifest.xml:11:7-38
44        android:allowBackup="false"
44-->src/main/AndroidManifest.xml:15:7-34
45        android:appComponentFactory="androidx.core.app.CoreComponentFactory"
45-->[androidx.core:core:1.1.0] AndroidManifest.xml:24:18-86
46        android:debuggable="true"
47        android:icon="@mipmap/ic_launcher"
47-->src/main/AndroidManifest.xml:13:7-41
48        android:label="@string/app_name"
48-->src/main/AndroidManifest.xml:12:7-39
49        android:roundIcon="@mipmap/ic_launcher_round"
49-->src/main/AndroidManifest.xml:14:7-52
50        android:testOnly="true"
51        android:theme="@style/AppTheme"
51-->src/main/AndroidManifest.xml:17:7-38
52        android:usesCleartextTraffic="true" >
52-->src/main/AndroidManifest.xml:16:7-42
53        <activity android:name="com.facebook.react.devsupport.DevSettingsActivity" />
53-->src/debug/AndroidManifest.xml:11:9-86
53-->src/debug/AndroidManifest.xml:11:19-83
54
55        <meta-data
55-->src/main/AndroidManifest.xml:18:7-20:63
56            android:name="com.google.android.geo.API_KEY"
56-->src/main/AndroidManifest.xml:19:6-51
57            android:value="AIzaSyB58D5nY1hTFbXmbevka9qZxUxsw1fp62Y" />
57-->src/main/AndroidManifest.xml:20:6-61
58
59        <activity
59-->src/main/AndroidManifest.xml:21:7-31:18
60            android:name="com.garabmaster.MainActivity"
60-->src/main/AndroidManifest.xml:22:9-37
61            android:configChanges="keyboard|keyboardHidden|orientation|screenSize|uiMode"
61-->src/main/AndroidManifest.xml:24:9-86
62            android:label="@string/app_name"
62-->src/main/AndroidManifest.xml:23:9-41
63            android:launchMode="singleTask"
63-->src/main/AndroidManifest.xml:25:9-40
64            android:windowSoftInputMode="adjustResize" >
64-->src/main/AndroidManifest.xml:26:9-51
65            <intent-filter>
65-->src/main/AndroidManifest.xml:27:9-30:25
66                <action android:name="android.intent.action.MAIN" />
66-->src/main/AndroidManifest.xml:28:13-65
66-->src/main/AndroidManifest.xml:28:21-62
67
68                <category android:name="android.intent.category.LAUNCHER" />
68-->src/main/AndroidManifest.xml:29:13-73
68-->src/main/AndroidManifest.xml:29:23-70
69            </intent-filter>
70        </activity>
71
72        <provider
72-->[:react-native-image-crop-picker] AndroidManifest.xml:19:9-27:20
73            android:name="androidx.core.content.FileProvider"
73-->[:react-native-image-crop-picker] AndroidManifest.xml:20:13-62
74            android:authorities="com.garabmaster.provider"
74-->[:react-native-image-crop-picker] AndroidManifest.xml:21:13-60
75            android:exported="false"
75-->[:react-native-image-crop-picker] AndroidManifest.xml:22:13-37
76            android:grantUriPermissions="true" >
76-->[:react-native-image-crop-picker] AndroidManifest.xml:23:13-47
77            <meta-data
77-->[:react-native-image-crop-picker] AndroidManifest.xml:24:13-26:58
78                android:name="android.support.FILE_PROVIDER_PATHS"
78-->[:react-native-image-crop-picker] AndroidManifest.xml:25:17-67
79                android:resource="@xml/provider_paths" />
79-->[:react-native-image-crop-picker] AndroidManifest.xml:26:17-55
80        </provider>
81
82        <activity
82-->[:react-native-image-crop-picker] AndroidManifest.xml:29:9-31:72
83            android:name="com.yalantis.ucrop.UCropActivity"
83-->[:react-native-image-crop-picker] AndroidManifest.xml:30:13-60
84            android:theme="@style/Theme.AppCompat.Light.NoActionBar" /> <!-- Needs to be explicitly declared on P+ -->
84-->[:react-native-image-crop-picker] AndroidManifest.xml:31:13-69
85        <uses-library
85-->[com.google.android.gms:play-services-maps:17.0.0] AndroidManifest.xml:33:9-35:40
86            android:name="org.apache.http.legacy"
86-->[com.google.android.gms:play-services-maps:17.0.0] AndroidManifest.xml:34:13-50
87            android:required="false" />
87-->[com.google.android.gms:play-services-maps:17.0.0] AndroidManifest.xml:35:13-37
88
89        <activity
89-->[com.google.android.gms:play-services-base:17.0.0] AndroidManifest.xml:23:9-26:75
90            android:name="com.google.android.gms.common.api.GoogleApiActivity"
90-->[com.google.android.gms:play-services-base:17.0.0] AndroidManifest.xml:24:13-79
91            android:exported="false"
91-->[com.google.android.gms:play-services-base:17.0.0] AndroidManifest.xml:25:13-37
92            android:theme="@android:style/Theme.Translucent.NoTitleBar" />
92-->[com.google.android.gms:play-services-base:17.0.0] AndroidManifest.xml:26:13-72
93
94        <meta-data
94-->[com.google.maps.android:android-maps-utils:0.5] AndroidManifest.xml:8:9-10:69
95            android:name="com.google.android.gms.version"
95-->[com.google.maps.android:android-maps-utils:0.5] AndroidManifest.xml:9:13-58
96            android:value="@integer/google_play_services_version" />
96-->[com.google.maps.android:android-maps-utils:0.5] AndroidManifest.xml:10:13-66
97    </application>
98
99</manifest>